<?xml version="1.0" encoding="UTF-8"?>
<robot generator="Robot 6.0.2 (Python 3.11.1 on win32)" generated="20230323 20:59:01.937" rpa="false" schemaversion="3">
<suite id="s1" name="Smoketest Supplier1" source="C:\Users\railton.oliveira\PycharmProjects\2203BMSRobotFramework\tests\web\smoketest_supplier1.robot">
<test id="s1-t1" name="Smoketest for the Suppliers" line="11">
<kw name="Open Navigator" library="base" type="SETUP">
<kw name="Open Browser" library="SeleniumLibrary">
<arg>${url}</arg>
<arg>${browser}</arg>
<doc>Opens a new browser instance to the optional ``url``.</doc>
<msg timestamp="20230323 20:59:02.153" level="INFO">Opening browser 'Chrome' to base url 'https://discovery.vwgroupsupply.com/test/pmweb/Login.aspx'.</msg>
<status status="PASS" starttime="20230323 20:59:02.153" endtime="20230323 20:59:03.819"/>
</kw>
<status status="PASS" starttime="20230323 20:59:02.153" endtime="20230323 20:59:03.819"/>
</kw>
<kw name="Click on Login" library="0MyheaderBMS">
<kw name="Maximize Browser Window" library="SeleniumLibrary">
<doc>Maximizes current browser window.</doc>
<status status="PASS" starttime="20230323 20:59:03.819" endtime="20230323 20:59:03.949"/>
</kw>
<kw name="Wait Until Element Is Enabled" library="SeleniumLibrary">
<arg>id = c_MaskLoginTop_LabelTextBoxFieldElementAdditionalText1</arg>
<arg>30</arg>
<doc>Waits until the element ``locator`` is enabled.</doc>
<status status="PASS" starttime="20230323 20:59:03.949" endtime="20230323 20:59:03.980"/>
</kw>
<kw name="Input Text" library="SeleniumLibrary">
<arg>id = c_MaskLogin_TextBoxFieldElementUserName</arg>
<arg>${musterlieferant Id}</arg>
<doc>Types the given ``text`` into the text field identified by ``locator``.</doc>
<msg timestamp="20230323 20:59:03.980" level="INFO">Typing text 'musterlieferant' into text field 'id = c_MaskLogin_TextBoxFieldElementUserName'.</msg>
<status status="PASS" starttime="20230323 20:59:03.980" endtime="20230323 20:59:04.047"/>
</kw>
<kw name="Input Text" library="SeleniumLibrary">
<arg>id = c_MaskLogin_TextBoxFieldElementPassword</arg>
<arg>${musterlieferant Pwd}</arg>
<doc>Types the given ``text`` into the text field identified by ``locator``.</doc>
<msg timestamp="20230323 20:59:04.048" level="INFO">Typing text 'musterlieferant' into text field 'id = c_MaskLogin_TextBoxFieldElementPassword'.</msg>
<status status="PASS" starttime="20230323 20:59:04.047" endtime="20230323 20:59:04.119"/>
</kw>
<kw name="Click Button" library="SeleniumLibrary">
<arg>id = c_MaskLogin_ButtonButtonElementLogin</arg>
<doc>Clicks the button identified by ``locator``.</doc>
<msg timestamp="20230323 20:59:04.121" level="INFO">Clicking button 'id = c_MaskLogin_ButtonButtonElementLogin'.</msg>
<status status="PASS" starttime="20230323 20:59:04.119" endtime="20230323 20:59:05.266"/>
</kw>
<status status="PASS" starttime="20230323 20:59:03.819" endtime="20230323 20:59:05.266"/>
</kw>
<kw name="Click on Desktop" library="1Desktop">
<kw name="Maximize Browser Window" library="SeleniumLibrary">
<doc>Maximizes current browser window.</doc>
<status status="PASS" starttime="20230323 20:59:05.267" endtime="20230323 20:59:05.271"/>
</kw>
<kw name="Click Element" library="SeleniumLibrary">
<arg>id = CXMaskMenu_ButtonLink_SCM_eurolog_MenuItemDashboard</arg>
<doc>Click the element identified by ``locator``.</doc>
<msg timestamp="20230323 20:59:05.271" level="INFO">Clicking element 'id = CXMaskMenu_ButtonLink_SCM_eurolog_MenuItemDashboard'.</msg>
<status status="PASS" starttime="20230323 20:59:05.271" endtime="20230323 20:59:05.321"/>
</kw>
<kw name="Wait Until Element Is Visible" library="SeleniumLibrary">
<arg>id = LabelAddress</arg>
<arg>60</arg>
<doc>Waits until the element ``locator`` is visible.</doc>
<status status="PASS" starttime="20230323 20:59:05.322" endtime="20230323 20:59:06.642"/>
</kw>
<status status="PASS" starttime="20230323 20:59:05.267" endtime="20230323 20:59:06.643"/>
</kw>
<kw name="Click on stoniert" library="2Apps">
<kw name="Click Element" library="SeleniumLibrary">
<arg>id = CXMaskMenu_LinkButtonApp_530000294</arg>
<doc>Click the element identified by ``locator``.</doc>
<msg timestamp="20230323 20:59:06.643" level="INFO">Clicking element 'id = CXMaskMenu_LinkButtonApp_530000294'.</msg>
<status status="PASS" starttime="20230323 20:59:06.643" endtime="20230323 20:59:06.670"/>
</kw>
<kw name="Wait Until Element Is Visible" library="SeleniumLibrary">
<arg>id = c_MaskFilterOrderPosition_LabelCB_ActivateAutoOrder</arg>
<arg>60</arg>
<doc>Waits until the element ``locator`` is visible.</doc>
<status status="PASS" starttime="20230323 20:59:06.671" endtime="20230323 20:59:08.535"/>
</kw>
<status status="PASS" starttime="20230323 20:59:06.643" endtime="20230323 20:59:08.535"/>
</kw>
<kw name="Click on order positions overview" library="3Disposition">
<kw name="Click Element" library="SeleniumLibrary">
<arg>id = CXMaskMenu_ButtonLink_PM_MenuRPOrderPosition</arg>
<doc>Click the element identified by ``locator``.</doc>
<msg timestamp="20230323 20:59:08.536" level="INFO">Clicking element 'id = CXMaskMenu_ButtonLink_PM_MenuRPOrderPosition'.</msg>
<status status="PASS" starttime="20230323 20:59:08.536" endtime="20230323 20:59:09.139"/>
</kw>
<kw name="Wait Until Element Is Visible" library="SeleniumLibrary">
<arg>id = c_MaskFilterOrderPosition_LabelCB_ActivateAutoOrder</arg>
<doc>Waits until the element ``locator`` is visible.</doc>
<status status="PASS" starttime="20230323 20:59:09.140" endtime="20230323 20:59:09.152"/>
</kw>
<status status="PASS" starttime="20230323 20:59:08.535" endtime="20230323 20:59:09.152"/>
</kw>
<kw name="Click on special order" library="3Disposition">
<kw name="Click Element" library="SeleniumLibrary">
<arg>id = CXMaskMenu_ButtonLink_PM_MenuTAOrder</arg>
<doc>Click the element identified by ``locator``.</doc>
<msg timestamp="20230323 20:59:09.153" level="INFO">Clicking element 'id = CXMaskMenu_ButtonLink_PM_MenuTAOrder'.</msg>
<status status="PASS" starttime="20230323 20:59:09.153" endtime="20230323 20:59:10.117"/>
</kw>
<kw name="Wait Until Element Is Visible" library="SeleniumLibrary">
<arg>id = LabelHistory</arg>
<doc>Waits until the element ``locator`` is visible.</doc>
<status status="PASS" starttime="20230323 20:59:10.117" endtime="20230323 20:59:10.129"/>
</kw>
<status status="PASS" starttime="20230323 20:59:09.153" endtime="20230323 20:59:10.129"/>
</kw>
<kw name="Click on Stock overview" library="4Stockoverviews">
<kw name="Click Element" library="SeleniumLibrary">
<arg>id = CXMaskMenu_LinkButtonApp_530000187</arg>
<doc>Click the element identified by ``locator``.</doc>
<msg timestamp="20230323 20:59:10.129" level="INFO">Clicking element 'id = CXMaskMenu_LinkButtonApp_530000187'.</msg>
<status status="PASS" starttime="20230323 20:59:10.129" endtime="20230323 20:59:10.503"/>
</kw>
<kw name="Click Button" library="SeleniumLibrary">
<arg>css = table:nth-child(1) &gt; tbody &gt; tr &gt; td &gt; .button_main_small</arg>
<doc>Clicks the button identified by ``locator``.</doc>
<msg timestamp="20230323 20:59:10.504" level="INFO">Clicking button 'css = table:nth-child(1) &gt; tbody &gt; tr &gt; td &gt; .button_main_small'.</msg>
<status status="PASS" starttime="20230323 20:59:10.503" endtime="20230323 20:59:11.693"/>
</kw>
<status status="PASS" starttime="20230323 20:59:10.129" endtime="20230323 20:59:11.693"/>
</kw>
<kw name="Click on Location statement" library="4Stockoverviews">
<kw name="Click Element" library="SeleniumLibrary">
<arg>id = CXMaskMenu_LinkButtonApp_530000191</arg>
<doc>Click the element identified by ``locator``.</doc>
<msg timestamp="20230323 20:59:11.695" level="INFO">Clicking element 'id = CXMaskMenu_LinkButtonApp_530000191'.</msg>
<status status="PASS" starttime="20230323 20:59:11.694" endtime="20230323 20:59:12.745"/>
</kw>
<status status="PASS" starttime="20230323 20:59:11.693" endtime="20230323 20:59:12.745"/>
</kw>
<kw name="Click on new claim entry" library="5Claims">
<kw name="Click Element" library="SeleniumLibrary">
<arg>id = CXMaskMenu_ButtonLink_PM_MenuTAClaimUnified</arg>
<doc>Click the element identified by ``locator``.</doc>
<msg timestamp="20230323 20:59:12.746" level="INFO">Clicking element 'id = CXMaskMenu_ButtonLink_PM_MenuTAClaimUnified'.</msg>
<status status="PASS" starttime="20230323 20:59:12.746" endtime="20230323 20:59:12.779"/>
</kw>
<kw name="Wait Until Element Is Visible" library="SeleniumLibrary">
<arg>id = LabelHistory</arg>
<arg>60</arg>
<doc>Waits until the element ``locator`` is visible.</doc>
<status status="PASS" starttime="20230323 20:59:12.780" endtime="20230323 20:59:13.497"/>
</kw>
<status status="PASS" starttime="20230323 20:59:12.745" endtime="20230323 20:59:13.498"/>
</kw>
<kw name="Click on search claims" library="5Claims">
<kw name="Click Element" library="SeleniumLibrary">
<arg>id = CXMaskMenu_LinkButtonApp_530000270</arg>
<doc>Click the element identified by ``locator``.</doc>
<msg timestamp="20230323 20:59:13.499" level="INFO">Clicking element 'id = CXMaskMenu_LinkButtonApp_530000270'.</msg>
<status status="PASS" starttime="20230323 20:59:13.498" endtime="20230323 20:59:13.527"/>
</kw>
<kw name="Click Button" library="SeleniumLibrary">
<arg>css = td:nth-child(1) &gt; .button_main_small</arg>
<doc>Clicks the button identified by ``locator``.</doc>
<msg timestamp="20230323 20:59:13.528" level="INFO">Clicking button 'css = td:nth-child(1) &gt; .button_main_small'.</msg>
<status status="PASS" starttime="20230323 20:59:13.527" endtime="20230323 20:59:14.695"/>
</kw>
<status status="PASS" starttime="20230323 20:59:13.498" endtime="20230323 20:59:14.695"/>
</kw>
<kw name="Click on claims proposals" library="5Claims">
<kw name="Wait Until Element Is Visible" library="SeleniumLibrary">
<arg>id = c_MaskFilterClaimPosition_GridGridResults_TextBoxPageNumber</arg>
<arg>90</arg>
<doc>Waits until the element ``locator`` is visible.</doc>
<status status="PASS" starttime="20230323 20:59:14.696" endtime="20230323 20:59:18.537"/>
</kw>
<kw name="Click Element" library="SeleniumLibrary">
<arg>id = CXMaskMenu_LinkButtonApp_530000192</arg>
<doc>Click the element identified by ``locator``.</doc>
<msg timestamp="20230323 20:59:18.537" level="INFO">Clicking element 'id = CXMaskMenu_LinkButtonApp_530000192'.</msg>
<status status="PASS" starttime="20230323 20:59:18.537" endtime="20230323 20:59:18.607"/>
</kw>
<status status="PASS" starttime="20230323 20:59:14.695" endtime="20230323 20:59:18.607"/>
</kw>
<kw name="Click on canceled MATs" library="5Claims">
<kw name="Click Element" library="SeleniumLibrary">
<arg>id = CXMaskMenu_LinkButtonApp_530000214</arg>
<doc>Click the element identified by ``locator``.</doc>
<msg timestamp="20230323 20:59:18.608" level="INFO">Clicking element 'id = CXMaskMenu_LinkButtonApp_530000214'.</msg>
<status status="PASS" starttime="20230323 20:59:18.608" endtime="20230323 20:59:20.719"/>
</kw>
<status status="PASS" starttime="20230323 20:59:18.607" endtime="20230323 20:59:20.719"/>
</kw>
<kw name="Click on clearing overview" library="6Usagefee">
<kw name="Click Element" library="SeleniumLibrary">
<arg>id = CXMaskMenu_LinkButtonApp_530000228</arg>
<doc>Click the element identified by ``locator``.</doc>
<msg timestamp="20230323 20:59:20.720" level="INFO">Clicking element 'id = CXMaskMenu_LinkButtonApp_530000228'.</msg>
<status status="PASS" starttime="20230323 20:59:20.719" endtime="20230323 20:59:21.187"/>
</kw>
<status status="PASS" starttime="20230323 20:59:20.719" endtime="20230323 20:59:21.188"/>
</kw>
<kw name="Click on new stock take" library="7Stocktake">
<kw name="Click Element" library="SeleniumLibrary">
<arg>id = CXMaskMenu_LinkButtonApp_530000244</arg>
<doc>Click the element identified by ``locator``.</doc>
<msg timestamp="20230323 20:59:21.189" level="INFO">Clicking element 'id = CXMaskMenu_LinkButtonApp_530000244'.</msg>
<status status="PASS" starttime="20230323 20:59:21.188" endtime="20230323 20:59:21.953"/>
</kw>
<status status="PASS" starttime="20230323 20:59:21.188" endtime="20230323 20:59:21.954"/>
</kw>
<kw name="Click on stock take recording" library="7Stocktake">
<kw name="Click Element" library="SeleniumLibrary">
<arg>id = CXMaskMenu_LinkButtonApp_530000242</arg>
<doc>Click the element identified by ``locator``.</doc>
<msg timestamp="20230323 20:59:21.955" level="INFO">Clicking element 'id = CXMaskMenu_LinkButtonApp_530000242'.</msg>
<status status="PASS" starttime="20230323 20:59:21.954" endtime="20230323 20:59:24.011"/>
</kw>
<status status="PASS" starttime="20230323 20:59:21.954" endtime="20230323 20:59:24.011"/>
</kw>
<kw name="Click on stock take history" library="7Stocktake">
<kw name="Click Element" library="SeleniumLibrary">
<arg>id = CXMaskMenu_LinkButtonApp_530000240</arg>
<doc>Click the element identified by ``locator``.</doc>
<msg timestamp="20230323 20:59:24.012" level="INFO">Clicking element 'id = CXMaskMenu_LinkButtonApp_530000240'.</msg>
<status status="PASS" starttime="20230323 20:59:24.011" endtime="20230323 20:59:24.045"/>
</kw>
<kw name="Wait Until Element Is Visible" library="SeleniumLibrary">
<arg>id = c_MaskFilterStockTake_GridGridResults_TextBoxPageNumber</arg>
<doc>Waits until the element ``locator`` is visible.</doc>
<status status="PASS" starttime="20230323 20:59:24.045" endtime="20230323 20:59:24.985"/>
</kw>
<status status="PASS" starttime="20230323 20:59:24.011" endtime="20230323 20:59:24.985"/>
</kw>
<kw name="Click on new browser tab" library="8Miscellaneous">
<kw name="Click Element" library="SeleniumLibrary">
<arg>id = CXMaskMenu_ButtonLink_PM_MenuNewSession</arg>
<doc>Click the element identified by ``locator``.</doc>
<msg timestamp="20230323 20:59:24.985" level="INFO">Clicking element 'id = CXMaskMenu_ButtonLink_PM_MenuNewSession'.</msg>
<status status="PASS" starttime="20230323 20:59:24.985" endtime="20230323 20:59:25.361"/>
</kw>
<status status="PASS" starttime="20230323 20:59:24.985" endtime="20230323 20:59:25.362"/>
</kw>
<kw name="Click on Logout" library="0MyheaderBMS">
<kw name="Click Link" library="SeleniumLibrary">
<arg>id = LinkButtonLogoff</arg>
<doc>Clicks a link identified by ``locator``.</doc>
<msg timestamp="20230323 20:59:25.363" level="INFO">Clicking link 'id = LinkButtonLogoff'.</msg>
<status status="PASS" starttime="20230323 20:59:25.362" endtime="20230323 20:59:25.394"/>
</kw>
<status status="PASS" starttime="20230323 20:59:25.362" endtime="20230323 20:59:25.394"/>
</kw>
<kw name="Close Navigator" library="base" type="TEARDOWN">
<kw name="Close Browser" library="SeleniumLibrary">
<doc>Closes the current browser.</doc>
<status status="PASS" starttime="20230323 20:59:25.395" endtime="20230323 20:59:27.513"/>
</kw>
<status status="PASS" starttime="20230323 20:59:25.394" endtime="20230323 20:59:27.513"/>
</kw>
<status status="PASS" starttime="20230323 20:59:02.153" endtime="20230323 20:59:27.513"/>
</test>
<doc>Smoketest for Rolle Musterlieferant</doc>
<status status="PASS" starttime="20230323 20:59:01.937" endtime="20230323 20:59:27.513"/>
</suite>
<statistics>
<total>
<stat pass="1" fail="0" skip="0">All Tests</stat>
</total>
<tag>
</tag>
<suite>
<stat pass="1" fail="0" skip="0" id="s1" name="Smoketest Supplier1">Smoketest Supplier1</stat>
</suite>
</statistics>
<errors>
<msg timestamp="20230323 20:59:02.137" level="ERROR">Error in file 'C:\Users\railton.oliveira\PycharmProjects\2203BMSRobotFramework\resources\actions\5Claims.robot' on line 3: Unrecognized section header '*** Test Case*** Settings ***'. Valid sections: 'Settings', 'Variables', 'Keywords' and 'Comments'.</msg>
<msg timestamp="20230323 20:59:02.137" level="ERROR">Error in file 'C:\Users\railton.oliveira\PycharmProjects\2203BMSRobotFramework\resources\actions\6Usagefee.robot' on line 3: Unrecognized section header '*** Test Case*** Settings ***'. Valid sections: 'Settings', 'Variables', 'Keywords' and 'Comments'.</msg>
<msg timestamp="20230323 20:59:02.137" level="ERROR">Error in file 'C:\Users\railton.oliveira\PycharmProjects\2203BMSRobotFramework\resources\actions\7Stocktake.robot' on line 1: Unrecognized section header '*** Test Case*** Settings ***'. Valid sections: 'Settings', 'Variables', 'Keywords' and 'Comments'.</msg>
<msg timestamp="20230323 20:59:02.153" level="ERROR">Error in file 'C:\Users\railton.oliveira\PycharmProjects\2203BMSRobotFramework\resources\actions\8Miscellaneous.robot' on line 3: Unrecognized section header '*** Test Case*** Settings ***'. Valid sections: 'Settings', 'Variables', 'Keywords' and 'Comments'.</msg>
</errors>
</robot>
